Determining if the pthread_create exist failed with the following output:
Change Dir: /home/ved/b/build/CMakeFiles/CMakeTmp

Run Build Command:"/usr/bin/make" "cmTC_fda84/fast"
/usr/bin/make -f CMakeFiles/cmTC_fda84.dir/build.make CMakeFiles/cmTC_fda84.dir/build
make[1]: Entering directory '/home/ved/b/build/CMakeFiles/CMakeTmp'
Building C object CMakeFiles/cmTC_fda84.dir/CheckSymbolExists.c.o
/usr/bin/cc     -o CMakeFiles/cmTC_fda84.dir/CheckSymbolExists.c.o   -c /home/ved/b/build/CMakeFiles/CMakeTmp/CheckSymbolExists.c
Linking C executable cmTC_fda84
/usr/bin/cmake -E cmake_link_script CMakeFiles/cmTC_fda84.dir/link.txt --verbose=1
/usr/bin/cc       CMakeFiles/cmTC_fda84.dir/CheckSymbolExists.c.o  -o cmTC_fda84 -rdynamic 
CMakeFiles/cmTC_fda84.dir/CheckSymbolExists.c.o: In function `main':
CheckSymbolExists.c:(.text+0x16): undefined reference to `pthread_create'
collect2: error: ld returned 1 exit status
CMakeFiles/cmTC_fda84.dir/build.make:97: recipe for target 'cmTC_fda84' failed
make[1]: *** [cmTC_fda84] Error 1
make[1]: Leaving directory '/home/ved/b/build/CMakeFiles/CMakeTmp'
Makefile:126: recipe for target 'cmTC_fda84/fast' failed
make: *** [cmTC_fda84/fast] Error 2

File /home/ved/b/build/CMakeFiles/CMakeTmp/CheckSymbolExists.c:
/* */
#include <pthread.h>

int main(int argc, char** argv)
{
  (void)argv;
#ifndef pthread_create
  return ((int*)(&pthread_create))[argc];
#else
  (void)argc;
  return 0;
#endif
}

Determining if the function pthread_create exists in the pthreads failed with the following output:
Change Dir: /home/ved/b/build/CMakeFiles/CMakeTmp

Run Build Command:"/usr/bin/make" "cmTC_bd06d/fast"
/usr/bin/make -f CMakeFiles/cmTC_bd06d.dir/build.make CMakeFiles/cmTC_bd06d.dir/build
make[1]: Entering directory '/home/ved/b/build/CMakeFiles/CMakeTmp'
Building C object CMakeFiles/cmTC_bd06d.dir/CheckFunctionExists.c.o
/usr/bin/cc    -DCHECK_FUNCTION_EXISTS=pthread_create   -o CMakeFiles/cmTC_bd06d.dir/CheckFunctionExists.c.o   -c /usr/share/cmake-3.5/Modules/CheckFunctionExists.c
Linking C executable cmTC_bd06d
/usr/bin/cmake -E cmake_link_script CMakeFiles/cmTC_bd06d.dir/link.txt --verbose=1
/usr/bin/cc   -DCHECK_FUNCTION_EXISTS=pthread_create    CMakeFiles/cmTC_bd06d.dir/CheckFunctionExists.c.o  -o cmTC_bd06d -rdynamic -lpthreads 
/usr/bin/ld: cannot find -lpthreads
collect2: error: ld returned 1 exit status
CMakeFiles/cmTC_bd06d.dir/build.make:97: recipe for target 'cmTC_bd06d' failed
make[1]: *** [cmTC_bd06d] Error 1
make[1]: Leaving directory '/home/ved/b/build/CMakeFiles/CMakeTmp'
Makefile:126: recipe for target 'cmTC_bd06d/fast' failed
make: *** [cmTC_bd06d/fast] Error 2


